TN:
SF:constants.js
FNF:0
FNH:0
DA:1,1
DA:2,1
LF:2
LH:2
BRDA:1,0,0,0
BRDA:1,0,1,1
BRDA:2,1,0,0
BRDA:2,1,1,1
BRF:4
BRH:2
end_of_record
TN:
SF:localStorage/userOperations.js
FN:78,(anonymous_0)
FN:107,loginUser
FN:119,(anonymous_2)
FN:119,(anonymous_3)
FN:129,getUser
FN:137,(anonymous_5)
FN:137,(anonymous_6)
FN:145,updateUserFromMongo
FN:161,createAudioBlock
FN:162,(anonymous_9)
FN:164,(anonymous_10)
FN:189,createCollection
FN:190,(anonymous_12)
FN:192,(anonymous_13)
FN:216,createDailyLog
FN:217,(anonymous_15)
FN:219,(anonymous_16)
FN:241,createEvent
FN:242,(anonymous_18)
FN:244,(anonymous_19)
FN:270,createFutureLog
FN:271,(anonymous_21)
FN:273,(anonymous_22)
FN:296,createImageBlock
FN:297,(anonymous_24)
FN:299,(anonymous_25)
FN:325,createMonthlyLog
FN:326,(anonymous_27)
FN:328,(anonymous_28)
FN:349,createSignifier
FN:350,(anonymous_30)
FN:352,(anonymous_31)
FN:374,createTask
FN:375,(anonymous_33)
FN:377,(anonymous_34)
FN:404,createTextBlock
FN:405,(anonymous_36)
FN:407,(anonymous_37)
FN:431,createTracker
FN:432,(anonymous_39)
FN:434,(anonymous_40)
FN:454,createUser
FN:466,(anonymous_42)
FN:466,(anonymous_43)
FN:470,(anonymous_44)
FN:484,readUser
FN:485,(anonymous_46)
FN:499,deleteAudioBlock
FN:500,(anonymous_48)
FN:502,(anonymous_49)
FN:518,deleteAudioBlockByID
FN:519,(anonymous_51)
FN:521,(anonymous_52)
FN:538,deleteCollection
FN:539,(anonymous_54)
FN:541,(anonymous_55)
FN:557,deleteCollectionByID
FN:558,(anonymous_57)
FN:562,(anonymous_58)
FN:562,(anonymous_59)
FN:564,(anonymous_60)
FN:583,deleteDailyLog
FN:584,(anonymous_62)
FN:586,(anonymous_63)
FN:600,deleteDB
FN:609,(anonymous_65)
FN:609,(anonymous_66)
FN:610,(anonymous_67)
FN:619,(anonymous_68)
FN:627,(anonymous_69)
FN:644,deleteEvent
FN:645,(anonymous_71)
FN:647,(anonymous_72)
FN:663,deleteEventByID
FN:664,(anonymous_74)
FN:666,(anonymous_75)
FN:683,deleteEventAtIndex
FN:684,(anonymous_77)
FN:686,(anonymous_78)
FN:702,deleteFutureLog
FN:703,(anonymous_80)
FN:705,(anonymous_81)
FN:721,deleteImageBlock
FN:722,(anonymous_83)
FN:724,(anonymous_84)
FN:740,deleteImageBlockByID
FN:741,(anonymous_86)
FN:743,(anonymous_87)
FN:760,deleteMonthlyLog
FN:761,(anonymous_89)
FN:763,(anonymous_90)
FN:779,deleteSignifier
FN:780,(anonymous_92)
FN:782,(anonymous_93)
FN:798,deleteSignifierByID
FN:799,(anonymous_95)
FN:801,(anonymous_96)
FN:817,deleteSignifierAtBlock
FN:818,(anonymous_98)
FN:820,(anonymous_99)
FN:836,deleteTask
FN:837,(anonymous_101)
FN:839,(anonymous_102)
FN:855,deleteTaskByID
FN:856,(anonymous_104)
FN:858,(anonymous_105)
FN:875,deleteTextBlock
FN:876,(anonymous_107)
FN:878,(anonymous_108)
FN:895,deleteTextBlockByID
FN:896,(anonymous_110)
FN:900,(anonymous_111)
FN:901,(anonymous_112)
FN:903,(anonymous_113)
FN:922,deleteTextBlockFromContainer
FN:923,(anonymous_115)
FN:925,(anonymous_116)
FN:941,deleteTracker
FN:942,(anonymous_118)
FN:944,(anonymous_119)
FN:960,deleteTrackerByID
FN:961,(anonymous_121)
FN:963,(anonymous_122)
FN:980,deleteTrackerFromContainer
FN:981,(anonymous_124)
FN:983,(anonymous_125)
FN:997,deleteUser
FN:998,(anonymous_127)
FN:999,(anonymous_128)
FN:1016,updateAudioBlock
FN:1017,(anonymous_130)
FN:1019,(anonymous_131)
FN:1037,updateCollection
FN:1038,(anonymous_133)
FN:1040,(anonymous_134)
FN:1059,updateDailyLog
FN:1060,(anonymous_136)
FN:1062,(anonymous_137)
FN:1080,updateEvent
FN:1081,(anonymous_139)
FN:1083,(anonymous_140)
FN:1099,updateFutureLog
FN:1100,(anonymous_142)
FN:1102,(anonymous_143)
FN:1120,updateImageBlock
FN:1121,(anonymous_145)
FN:1123,(anonymous_146)
FN:1141,updateMonthlyLog
FN:1142,(anonymous_148)
FN:1144,(anonymous_149)
FN:1160,updateSignifier
FN:1161,(anonymous_151)
FN:1163,(anonymous_152)
FN:1181,updateTask
FN:1182,(anonymous_154)
FN:1184,(anonymous_155)
FN:1203,updateTextBlock
FN:1204,(anonymous_157)
FN:1206,(anonymous_158)
FN:1222,updateTheme
FN:1223,(anonymous_160)
FN:1225,(anonymous_161)
FN:1243,updateTracker
FN:1244,(anonymous_163)
FN:1246,(anonymous_164)
FNF:165
FNH:74
FNDA:1,(anonymous_0)
FNDA:0,loginUser
FNDA:0,(anonymous_2)
FNDA:0,(anonymous_3)
FNDA:0,getUser
FNDA:0,(anonymous_5)
FNDA:0,(anonymous_6)
FNDA:21,updateUserFromMongo
FNDA:0,createAudioBlock
FNDA:0,(anonymous_9)
FNDA:0,(anonymous_10)
FNDA:3,createCollection
FNDA:3,(anonymous_12)
FNDA:1,(anonymous_13)
FNDA:1,createDailyLog
FNDA:1,(anonymous_15)
FNDA:1,(anonymous_16)
FNDA:1,createEvent
FNDA:1,(anonymous_18)
FNDA:0,(anonymous_19)
FNDA:1,createFutureLog
FNDA:1,(anonymous_21)
FNDA:1,(anonymous_22)
FNDA:0,createImageBlock
FNDA:0,(anonymous_24)
FNDA:0,(anonymous_25)
FNDA:4,createMonthlyLog
FNDA:4,(anonymous_27)
FNDA:0,(anonymous_28)
FNDA:2,createSignifier
FNDA:2,(anonymous_30)
FNDA:1,(anonymous_31)
FNDA:1,createTask
FNDA:1,(anonymous_33)
FNDA:0,(anonymous_34)
FNDA:5,createTextBlock
FNDA:5,(anonymous_36)
FNDA:5,(anonymous_37)
FNDA:2,createTracker
FNDA:2,(anonymous_39)
FNDA:2,(anonymous_40)
FNDA:1,createUser
FNDA:1,(anonymous_42)
FNDA:1,(anonymous_43)
FNDA:1,(anonymous_44)
FNDA:117,readUser
FNDA:117,(anonymous_46)
FNDA:0,deleteAudioBlock
FNDA:0,(anonymous_48)
FNDA:0,(anonymous_49)
FNDA:0,deleteAudioBlockByID
FNDA:0,(anonymous_51)
FNDA:0,(anonymous_52)
FNDA:3,deleteCollection
FNDA:3,(anonymous_54)
FNDA:3,(anonymous_55)
FNDA:0,deleteCollectionByID
FNDA:0,(anonymous_57)
FNDA:0,(anonymous_58)
FNDA:0,(anonymous_59)
FNDA:0,(anonymous_60)
FNDA:1,deleteDailyLog
FNDA:1,(anonymous_62)
FNDA:0,(anonymous_63)
FNDA:1,deleteDB
FNDA:1,(anonymous_65)
FNDA:1,(anonymous_66)
FNDA:1,(anonymous_67)
FNDA:0,(anonymous_68)
FNDA:0,(anonymous_69)
FNDA:1,deleteEvent
FNDA:1,(anonymous_71)
FNDA:0,(anonymous_72)
FNDA:0,deleteEventByID
FNDA:0,(anonymous_74)
FNDA:0,(anonymous_75)
FNDA:0,deleteEventAtIndex
FNDA:0,(anonymous_77)
FNDA:0,(anonymous_78)
FNDA:1,deleteFutureLog
FNDA:1,(anonymous_80)
FNDA:1,(anonymous_81)
FNDA:0,deleteImageBlock
FNDA:0,(anonymous_83)
FNDA:0,(anonymous_84)
FNDA:0,deleteImageBlockByID
FNDA:0,(anonymous_86)
FNDA:0,(anonymous_87)
FNDA:4,deleteMonthlyLog
FNDA:4,(anonymous_89)
FNDA:0,(anonymous_90)
FNDA:1,deleteSignifier
FNDA:1,(anonymous_92)
FNDA:1,(anonymous_93)
FNDA:1,deleteSignifierByID
FNDA:1,(anonymous_95)
FNDA:1,(anonymous_96)
FNDA:0,deleteSignifierAtBlock
FNDA:0,(anonymous_98)
FNDA:0,(anonymous_99)
FNDA:1,deleteTask
FNDA:1,(anonymous_101)
FNDA:0,(anonymous_102)
FNDA:0,deleteTaskByID
FNDA:0,(anonymous_104)
FNDA:0,(anonymous_105)
FNDA:5,deleteTextBlock
FNDA:5,(anonymous_107)
FNDA:0,(anonymous_108)
FNDA:0,deleteTextBlockByID
FNDA:0,(anonymous_110)
FNDA:0,(anonymous_111)
FNDA:0,(anonymous_112)
FNDA:0,(anonymous_113)
FNDA:0,deleteTextBlockFromContainer
FNDA:0,(anonymous_115)
FNDA:0,(anonymous_116)
FNDA:1,deleteTracker
FNDA:1,(anonymous_118)
FNDA:1,(anonymous_119)
FNDA:1,deleteTrackerByID
FNDA:1,(anonymous_121)
FNDA:1,(anonymous_122)
FNDA:0,deleteTrackerFromContainer
FNDA:0,(anonymous_124)
FNDA:0,(anonymous_125)
FNDA:0,deleteUser
FNDA:0,(anonymous_127)
FNDA:0,(anonymous_128)
FNDA:0,updateAudioBlock
FNDA:0,(anonymous_130)
FNDA:0,(anonymous_131)
FNDA:2,updateCollection
FNDA:2,(anonymous_133)
FNDA:1,(anonymous_134)
FNDA:2,updateDailyLog
FNDA:2,(anonymous_136)
FNDA:1,(anonymous_137)
FNDA:2,updateEvent
FNDA:2,(anonymous_139)
FNDA:0,(anonymous_140)
FNDA:0,updateFutureLog
FNDA:0,(anonymous_142)
FNDA:0,(anonymous_143)
FNDA:0,updateImageBlock
FNDA:0,(anonymous_145)
FNDA:0,(anonymous_146)
FNDA:0,updateMonthlyLog
FNDA:0,(anonymous_148)
FNDA:0,(anonymous_149)
FNDA:0,updateSignifier
FNDA:0,(anonymous_151)
FNDA:0,(anonymous_152)
FNDA:2,updateTask
FNDA:2,(anonymous_154)
FNDA:0,(anonymous_155)
FNDA:0,updateTextBlock
FNDA:0,(anonymous_157)
FNDA:0,(anonymous_158)
FNDA:0,updateTheme
FNDA:0,(anonymous_160)
FNDA:0,(anonymous_161)
FNDA:0,updateTracker
FNDA:0,(anonymous_163)
FNDA:0,(anonymous_164)
DA:66,1
DA:68,1
DA:69,1
DA:71,1
DA:78,1
DA:79,1
DA:80,1
DA:82,0
DA:108,0
DA:119,0
DA:120,0
DA:130,0
DA:137,0
DA:138,0
DA:146,21
DA:162,0
DA:163,0
DA:164,0
DA:165,0
DA:166,0
DA:167,0
DA:169,0
DA:172,0
DA:190,3
DA:191,3
DA:192,1
DA:193,1
DA:194,0
DA:195,0
DA:197,1
DA:200,2
DA:217,1
DA:218,1
DA:219,1
DA:220,1
DA:221,0
DA:222,0
DA:224,1
DA:227,0
DA:242,1
DA:243,1
DA:244,0
DA:245,0
DA:246,0
DA:247,0
DA:249,0
DA:252,1
DA:271,1
DA:272,1
DA:273,1
DA:274,1
DA:275,0
DA:276,0
DA:278,1
DA:281,0
DA:297,0
DA:298,0
DA:299,0
DA:300,0
DA:301,0
DA:302,0
DA:304,0
DA:307,0
DA:326,4
DA:327,4
DA:328,0
DA:329,0
DA:330,0
DA:331,0
DA:333,0
DA:336,4
DA:350,2
DA:351,2
DA:352,1
DA:353,1
DA:354,0
DA:355,0
DA:357,1
DA:360,1
DA:375,1
DA:376,1
DA:377,0
DA:378,0
DA:379,0
DA:380,0
DA:382,0
DA:385,1
DA:405,5
DA:406,5
DA:407,5
DA:408,5
DA:409,0
DA:410,0
DA:412,5
DA:415,0
DA:432,2
DA:433,2
DA:434,2
DA:435,2
DA:436,0
DA:437,0
DA:439,2
DA:442,0
DA:455,1
DA:466,1
DA:467,1
DA:468,0
DA:470,1
DA:471,1
DA:485,117
DA:486,117
DA:500,0
DA:501,0
DA:502,0
DA:503,0
DA:506,0
DA:519,0
DA:520,0
DA:521,0
DA:522,0
DA:525,0
DA:539,3
DA:540,3
DA:541,3
DA:542,3
DA:545,0
DA:558,0
DA:559,0
DA:560,0
DA:562,0
DA:563,0
DA:564,0
DA:565,0
DA:568,0
DA:584,1
DA:585,1
DA:586,0
DA:587,0
DA:590,1
DA:601,1
DA:602,1
DA:609,1
DA:610,1
DA:611,1
DA:612,0
DA:614,1
DA:619,0
DA:620,0
DA:621,0
DA:623,0
DA:627,0
DA:628,0
DA:629,0
DA:631,0
DA:645,1
DA:646,1
DA:647,0
DA:648,0
DA:651,1
DA:664,0
DA:665,0
DA:666,0
DA:667,0
DA:670,0
DA:684,0
DA:685,0
DA:686,0
DA:687,0
DA:690,0
DA:703,1
DA:704,1
DA:705,1
DA:706,1
DA:709,0
DA:722,0
DA:723,0
DA:724,0
DA:725,0
DA:728,0
DA:741,0
DA:742,0
DA:743,0
DA:744,0
DA:747,0
DA:761,4
DA:762,4
DA:763,0
DA:764,0
DA:767,4
DA:780,1
DA:781,1
DA:782,1
DA:783,1
DA:786,0
DA:799,1
DA:800,1
DA:801,1
DA:802,1
DA:805,0
DA:818,0
DA:819,0
DA:820,0
DA:821,0
DA:824,0
DA:837,1
DA:838,1
DA:839,0
DA:840,0
DA:843,1
DA:856,0
DA:857,0
DA:858,0
DA:859,0
DA:862,0
DA:876,5
DA:877,5
DA:878,0
DA:879,0
DA:882,5
DA:896,0
DA:897,0
DA:898,0
DA:900,0
DA:901,0
DA:902,0
DA:903,0
DA:904,0
DA:907,0
DA:923,0
DA:924,0
DA:925,0
DA:926,0
DA:929,0
DA:942,1
DA:943,1
DA:944,1
DA:945,1
DA:948,0
DA:961,1
DA:962,1
DA:963,1
DA:964,1
DA:967,0
DA:981,0
DA:982,0
DA:983,0
DA:984,0
DA:987,0
DA:998,0
DA:999,0
DA:1000,0
DA:1017,0
DA:1018,0
DA:1019,0
DA:1020,0
DA:1023,0
DA:1038,2
DA:1039,2
DA:1040,1
DA:1041,1
DA:1044,1
DA:1060,2
DA:1061,2
DA:1062,1
DA:1063,1
DA:1066,1
DA:1081,2
DA:1082,2
DA:1083,0
DA:1084,0
DA:1087,2
DA:1100,0
DA:1101,0
DA:1102,0
DA:1103,0
DA:1106,0
DA:1121,0
DA:1122,0
DA:1123,0
DA:1124,0
DA:1127,0
DA:1142,0
DA:1143,0
DA:1144,0
DA:1145,0
DA:1148,0
DA:1161,0
DA:1162,0
DA:1163,0
DA:1164,0
DA:1167,0
DA:1182,2
DA:1183,2
DA:1184,0
DA:1185,0
DA:1188,2
DA:1204,0
DA:1205,0
DA:1206,0
DA:1207,0
DA:1210,0
DA:1223,0
DA:1224,0
DA:1225,0
DA:1226,0
DA:1229,0
DA:1244,0
DA:1245,0
DA:1246,0
DA:1247,0
LF:310
LH:117
BRDA:79,0,0,1
BRDA:79,0,1,0
BRDA:163,1,0,0
BRDA:163,1,1,0
BRDA:165,2,0,0
BRDA:165,2,1,0
BRDA:191,3,0,1
BRDA:191,3,1,2
BRDA:191,4,0,3
BRDA:191,4,1,1
BRDA:193,5,0,0
BRDA:193,5,1,1
BRDA:218,6,0,1
BRDA:218,6,1,0
BRDA:220,7,0,0
BRDA:220,7,1,1
BRDA:243,8,0,0
BRDA:243,8,1,1
BRDA:245,9,0,0
BRDA:245,9,1,0
BRDA:272,10,0,1
BRDA:272,10,1,0
BRDA:274,11,0,0
BRDA:274,11,1,1
BRDA:298,12,0,0
BRDA:298,12,1,0
BRDA:300,13,0,0
BRDA:300,13,1,0
BRDA:327,14,0,0
BRDA:327,14,1,4
BRDA:329,15,0,0
BRDA:329,15,1,0
BRDA:351,16,0,1
BRDA:351,16,1,1
BRDA:353,17,0,0
BRDA:353,17,1,1
BRDA:376,18,0,0
BRDA:376,18,1,1
BRDA:378,19,0,0
BRDA:378,19,1,0
BRDA:406,20,0,5
BRDA:406,20,1,0
BRDA:408,21,0,0
BRDA:408,21,1,5
BRDA:433,22,0,2
BRDA:433,22,1,0
BRDA:435,23,0,0
BRDA:435,23,1,2
BRDA:467,24,0,0
BRDA:467,24,1,1
BRDA:501,25,0,0
BRDA:501,25,1,0
BRDA:520,26,0,0
BRDA:520,26,1,0
BRDA:540,27,0,3
BRDA:540,27,1,0
BRDA:559,28,0,0
BRDA:559,28,1,0
BRDA:563,29,0,0
BRDA:563,29,1,0
BRDA:585,30,0,0
BRDA:585,30,1,1
BRDA:601,31,0,1
BRDA:601,31,1,0
BRDA:611,32,0,0
BRDA:611,32,1,1
BRDA:611,33,0,1
BRDA:611,33,1,1
BRDA:620,34,0,0
BRDA:620,34,1,0
BRDA:628,35,0,0
BRDA:628,35,1,0
BRDA:646,36,0,0
BRDA:646,36,1,1
BRDA:665,37,0,0
BRDA:665,37,1,0
BRDA:685,38,0,0
BRDA:685,38,1,0
BRDA:704,39,0,1
BRDA:704,39,1,0
BRDA:723,40,0,0
BRDA:723,40,1,0
BRDA:742,41,0,0
BRDA:742,41,1,0
BRDA:762,42,0,0
BRDA:762,42,1,4
BRDA:781,43,0,1
BRDA:781,43,1,0
BRDA:800,44,0,1
BRDA:800,44,1,0
BRDA:819,45,0,0
BRDA:819,45,1,0
BRDA:838,46,0,0
BRDA:838,46,1,1
BRDA:857,47,0,0
BRDA:857,47,1,0
BRDA:877,48,0,0
BRDA:877,48,1,5
BRDA:897,49,0,0
BRDA:897,49,1,0
BRDA:902,50,0,0
BRDA:902,50,1,0
BRDA:924,51,0,0
BRDA:924,51,1,0
BRDA:943,52,0,1
BRDA:943,52,1,0
BRDA:962,53,0,1
BRDA:962,53,1,0
BRDA:982,54,0,0
BRDA:982,54,1,0
BRDA:1018,55,0,0
BRDA:1018,55,1,0
BRDA:1039,56,0,1
BRDA:1039,56,1,1
BRDA:1039,57,0,2
BRDA:1039,57,1,1
BRDA:1061,58,0,1
BRDA:1061,58,1,1
BRDA:1061,59,0,2
BRDA:1061,59,1,1
BRDA:1082,60,0,0
BRDA:1082,60,1,2
BRDA:1101,61,0,0
BRDA:1101,61,1,0
BRDA:1122,62,0,0
BRDA:1122,62,1,0
BRDA:1143,63,0,0
BRDA:1143,63,1,0
BRDA:1162,64,0,0
BRDA:1162,64,1,0
BRDA:1183,65,0,0
BRDA:1183,65,1,2
BRDA:1205,66,0,0
BRDA:1205,66,1,0
BRDA:1224,67,0,0
BRDA:1224,67,1,0
BRDA:1245,68,0,0
BRDA:1245,68,1,0
BRF:138
BRH:46
end_of_record
TN:
SF:localStorage/createFiles/createAudioBlock.js
FN:14,createAudioBlockPouch
FNF:1
FNH:0
FNDA:0,createAudioBlockPouch
DA:15,0
LF:1
LH:0
BRF:0
BRH:0
end_of_record
TN:
SF:localStorage/createFiles/createCollection.js
FN:18,createCollectionPouch
FN:19,(anonymous_1)
FNF:2
FNH:2
FNDA:3,createCollectionPouch
FNDA:3,(anonymous_1)
DA:4,1
DA:19,3
LF:2
LH:2
BRF:0
BRH:0
end_of_record
TN:
SF:localStorage/createFiles/createDailyLog.js
FN:17,createDailyLogPouch
FN:18,(anonymous_1)
FNF:2
FNH:2
FNDA:1,createDailyLogPouch
FNDA:1,(anonymous_1)
DA:4,1
DA:18,1
LF:2
LH:2
BRF:0
BRH:0
end_of_record
TN:
SF:localStorage/createFiles/createEvent.js
FN:15,createEventPouch
FN:16,(anonymous_1)
FNF:2
FNH:2
FNDA:1,createEventPouch
FNDA:1,(anonymous_1)
DA:4,1
DA:16,1
LF:2
LH:2
BRF:0
BRH:0
end_of_record
TN:
SF:localStorage/createFiles/createFutureLog.js
FN:13,addMonths
FN:22,(anonymous_1)
FN:52,createFutureLogPouch
FN:54,(anonymous_3)
FNF:4
FNH:4
FNDA:5,addMonths
FNDA:4,(anonymous_1)
FNDA:1,createFutureLogPouch
FNDA:1,(anonymous_3)
DA:14,5
DA:15,5
DA:16,5
DA:17,1
DA:18,1
DA:19,4
DA:20,1
DA:22,4
DA:53,1
DA:54,1
LF:10
LH:10
BRDA:16,0,0,1
BRDA:16,0,1,4
BRDA:19,1,0,1
BRDA:19,1,1,3
BRF:4
BRH:4
end_of_record
TN:
SF:localStorage/createFiles/createImageBlock.js
FN:16,createImageBlockPouch
FN:17,(anonymous_1)
FNF:2
FNH:0
FNDA:0,createImageBlockPouch
FNDA:0,(anonymous_1)
DA:4,1
DA:17,0
LF:2
LH:1
BRF:0
BRH:0
end_of_record
TN:
SF:localStorage/createFiles/createMonthlyLog.js
FN:17,createMonthlyLogPouch
FN:19,(anonymous_1)
FNF:2
FNH:2
FNDA:4,createMonthlyLogPouch
FNDA:4,(anonymous_1)
DA:18,4
DA:19,4
LF:2
LH:2
BRF:0
BRH:0
end_of_record
TN:
SF:localStorage/createFiles/createSignifier.js
FN:14,createSignifierPouch
FN:15,(anonymous_1)
FNF:2
FNH:2
FNDA:2,createSignifierPouch
FNDA:2,(anonymous_1)
DA:4,1
DA:15,2
LF:2
LH:2
BRF:0
BRH:0
end_of_record
TN:
SF:localStorage/createFiles/createTask.js
FN:13,createTaskPouch
FN:14,(anonymous_1)
FNF:2
FNH:2
FNDA:1,createTaskPouch
FNDA:1,(anonymous_1)
DA:14,1
LF:1
LH:1
BRF:0
BRH:0
end_of_record
TN:
SF:localStorage/createFiles/createTextBlock.js
FN:12,handleSubComponent
FN:50,(anonymous_1)
FN:86,(anonymous_2)
FN:91,(anonymous_3)
FN:116,createTextBlockPouch
FN:117,(anonymous_5)
FNF:6
FNH:5
FNDA:5,handleSubComponent
FNDA:2,(anonymous_1)
FNDA:2,(anonymous_2)
FNDA:0,(anonymous_3)
FNDA:5,createTextBlockPouch
FNDA:5,(anonymous_5)
DA:13,5
DA:14,3
DA:29,2
DA:49,2
DA:50,2
DA:68,2
DA:86,2
DA:87,2
DA:88,2
DA:117,5
LF:10
LH:10
BRDA:13,0,0,3
BRDA:13,0,1,2
BRDA:14,1,0,1
BRDA:14,1,1,2
BRDA:29,2,0,1
BRDA:29,2,1,1
BRDA:49,3,0,2
BRDA:49,3,1,0
BRDA:87,4,0,2
BRDA:87,4,1,0
BRF:10
BRH:8
end_of_record
TN:
SF:localStorage/createFiles/createTracker.js
FN:17,createTrackerPouch
FNF:1
FNH:1
FNDA:2,createTrackerPouch
DA:4,1
LF:1
LH:1
BRF:0
BRH:0
end_of_record
TN:
SF:localStorage/createFiles/createUser.js
FN:8,createUserPouch
FN:28,(anonymous_1)
FN:30,(anonymous_2)
FNF:3
FNH:3
FNDA:2,createUserPouch
FNDA:1,(anonymous_1)
FNDA:1,(anonymous_2)
DA:9,2
DA:10,2
DA:28,2
DA:29,1
DA:31,1
LF:5
LH:5
BRF:0
BRH:0
end_of_record
TN:
SF:localStorage/createFiles/makeId.js
FN:6,makeRandomString
FN:24,checkUniqueness
FN:39,(anonymous_2)
FN:51,makeid
FNF:4
FNH:4
FNDA:20,makeRandomString
FNDA:20,checkUniqueness
FNDA:201,(anonymous_2)
FNDA:20,makeid
DA:7,20
DA:8,20
DA:9,20
DA:10,20
DA:11,20
DA:12,600
DA:14,20
DA:25,20
DA:26,20
DA:27,20
DA:28,20
DA:29,20
DA:30,20
DA:31,20
DA:32,20
DA:33,20
DA:34,20
DA:35,20
DA:36,20
DA:37,20
DA:39,201
DA:40,0
DA:42,20
DA:52,20
LF:24
LH:23
BRF:0
BRH:0
end_of_record
TN:
SF:localStorage/deleteFiles/deleteAudioBlock.js
FN:11,deleteAudioBlockPouch
FN:12,(anonymous_1)
FN:16,(anonymous_2)
FN:29,(anonymous_3)
FN:33,(anonymous_4)
FN:36,(anonymous_5)
FN:58,(anonymous_6)
FN:62,(anonymous_7)
FNF:8
FNH:0
FNDA:0,deleteAudioBlockPouch
FNDA:0,(anonymous_1)
FNDA:0,(anonymous_2)
FNDA:0,(anonymous_3)
FNDA:0,(anonymous_4)
FNDA:0,(anonymous_5)
FNDA:0,(anonymous_6)
FNDA:0,(anonymous_7)
DA:12,0
DA:13,0
DA:14,0
DA:16,0
DA:17,0
DA:18,0
DA:19,0
DA:21,0
DA:22,0
DA:23,0
DA:24,0
DA:25,0
DA:26,0
DA:27,0
DA:29,0
DA:30,0
DA:33,0
DA:34,0
DA:36,0
DA:37,0
DA:39,0
DA:58,0
DA:59,0
DA:60,0
DA:63,0
LF:25
LH:0
BRDA:13,0,0,0
BRDA:13,0,1,0
BRDA:18,1,0,0
BRDA:18,1,1,0
BRDA:21,2,0,0
BRDA:21,2,1,0
BRDA:59,3,0,0
BRDA:59,3,1,0
BRF:8
BRH:0
end_of_record
TN:
SF:localStorage/deleteFiles/deleteAuxiliarFunctions.js
FN:8,handleContent
FN:12,(anonymous_1)
FN:34,handleTrackers
FN:41,(anonymous_3)
FNF:4
FNH:3
FNDA:14,handleContent
FNDA:5,(anonymous_1)
FNDA:9,handleTrackers
FNDA:0,(anonymous_3)
DA:9,14
DA:10,9
DA:12,5
DA:35,9
DA:36,9
DA:37,9
DA:38,9
DA:39,9
DA:41,0
LF:9
LH:8
BRDA:9,0,0,9
BRDA:9,0,1,5
BRDA:36,1,0,9
BRDA:36,1,1,5
BRDA:37,2,0,9
BRDA:37,2,1,5
BRDA:38,3,0,9
BRDA:38,3,1,0
BRDA:38,4,0,9
BRDA:38,4,1,9
BRF:10
BRH:9
end_of_record
TN:
SF:localStorage/deleteFiles/deleteCollection.js
FN:12,deleteCollectionPouch
FN:13,(anonymous_1)
FN:17,(anonymous_2)
FN:21,(anonymous_3)
FN:26,(anonymous_4)
FN:35,(anonymous_5)
FN:38,(anonymous_6)
FN:42,(anonymous_7)
FN:44,(anonymous_8)
FN:48,(anonymous_9)
FN:69,(anonymous_10)
FNF:11
FNH:11
FNDA:3,deleteCollectionPouch
FNDA:3,(anonymous_1)
FNDA:3,(anonymous_2)
FNDA:3,(anonymous_3)
FNDA:1,(anonymous_4)
FNDA:7,(anonymous_5)
FNDA:1,(anonymous_6)
FNDA:1,(anonymous_7)
FNDA:8,(anonymous_8)
FNDA:3,(anonymous_9)
FNDA:3,(anonymous_10)
DA:13,3
DA:14,3
DA:15,0
DA:17,3
DA:18,3
DA:19,0
DA:21,3
DA:22,3
DA:23,0
DA:25,3
DA:26,1
DA:28,2
DA:29,1
DA:30,1
DA:31,1
DA:32,1
DA:33,1
DA:35,7
DA:36,1
DA:37,1
DA:38,1
DA:42,1
DA:44,8
DA:45,2
DA:48,3
DA:50,3
DA:69,3
DA:70,3
DA:71,3
LF:29
LH:26
BRDA:14,0,0,0
BRDA:14,0,1,3
BRDA:18,1,0,0
BRDA:18,1,1,3
BRDA:22,2,0,0
BRDA:22,2,1,3
BRDA:25,3,0,1
BRDA:25,3,1,2
BRDA:28,4,0,1
BRDA:28,4,1,1
BRDA:36,5,0,1
BRDA:36,5,1,0
BRDA:70,6,0,3
BRDA:70,6,1,0
BRF:14
BRH:9
end_of_record
TN:
SF:localStorage/deleteFiles/deleteDailyLog.js
FN:12,deleteDailyLogPouch
FN:13,(anonymous_1)
FN:17,(anonymous_2)
FN:21,(anonymous_3)
FN:26,(anonymous_4)
FN:27,(anonymous_5)
FN:31,(anonymous_6)
FN:51,(anonymous_7)
FNF:8
FNH:8
FNDA:1,deleteDailyLogPouch
FNDA:1,(anonymous_1)
FNDA:1,(anonymous_2)
FNDA:1,(anonymous_3)
FNDA:1,(anonymous_4)
FNDA:1,(anonymous_5)
FNDA:1,(anonymous_6)
FNDA:1,(anonymous_7)
DA:13,1
DA:14,1
DA:15,0
DA:17,1
DA:18,1
DA:19,0
DA:21,1
DA:22,1
DA:23,0
DA:25,1
DA:26,1
DA:27,1
DA:28,1
DA:31,1
DA:32,1
DA:51,1
DA:52,1
DA:53,1
LF:18
LH:15
BRDA:14,0,0,0
BRDA:14,0,1,1
BRDA:18,1,0,0
BRDA:18,1,1,1
BRDA:22,2,0,0
BRDA:22,2,1,1
BRDA:25,3,0,1
BRDA:25,3,1,0
BRDA:52,4,0,1
BRDA:52,4,1,0
BRF:10
BRH:5
end_of_record
TN:
SF:localStorage/deleteFiles/deleteEvent.js
FN:10,deleteEventPouch
FN:11,(anonymous_1)
FN:15,(anonymous_2)
FN:35,(anonymous_3)
FNF:4
FNH:4
FNDA:1,deleteEventPouch
FNDA:1,(anonymous_1)
FNDA:1,(anonymous_2)
FNDA:1,(anonymous_3)
DA:11,1
DA:12,1
DA:13,0
DA:15,1
DA:16,1
DA:35,1
DA:36,1
DA:37,1
LF:8
LH:7
BRDA:12,0,0,0
BRDA:12,0,1,1
BRDA:36,1,0,1
BRDA:36,1,1,0
BRF:4
BRH:2
end_of_record
TN:
SF:localStorage/deleteFiles/deleteFutureLog.js
FN:10,deleteMonths
FN:14,(anonymous_1)
FN:18,(anonymous_2)
FN:18,(anonymous_3)
FN:37,deleteFutureLogPouch
FN:39,(anonymous_5)
FN:43,(anonymous_6)
FN:47,(anonymous_7)
FN:51,(anonymous_8)
FN:55,(anonymous_9)
FN:56,(anonymous_10)
FN:76,(anonymous_11)
FNF:12
FNH:12
FNDA:5,deleteMonths
FNDA:4,(anonymous_1)
FNDA:10,(anonymous_2)
FNDA:4,(anonymous_3)
FNDA:1,deleteFutureLogPouch
FNDA:1,(anonymous_5)
FNDA:1,(anonymous_6)
FNDA:1,(anonymous_7)
FNDA:1,(anonymous_8)
FNDA:1,(anonymous_9)
FNDA:1,(anonymous_10)
FNDA:1,(anonymous_11)
DA:11,5
DA:12,1
DA:14,4
DA:15,4
DA:16,0
DA:18,10
DA:19,4
DA:20,0
DA:22,4
DA:39,1
DA:40,1
DA:41,0
DA:43,1
DA:44,1
DA:45,0
DA:47,1
DA:48,1
DA:49,0
DA:51,1
DA:52,1
DA:53,0
DA:55,1
DA:56,1
DA:57,1
DA:76,1
DA:77,1
DA:78,1
LF:27
LH:21
BRDA:11,0,0,1
BRDA:11,0,1,4
BRDA:15,1,0,0
BRDA:15,1,1,4
BRDA:19,2,0,0
BRDA:19,2,1,4
BRDA:40,3,0,0
BRDA:40,3,1,1
BRDA:44,4,0,0
BRDA:44,4,1,1
BRDA:48,5,0,0
BRDA:48,5,1,1
BRDA:52,6,0,0
BRDA:52,6,1,1
BRDA:77,7,0,1
BRDA:77,7,1,0
BRF:16
BRH:9
end_of_record
TN:
SF:localStorage/deleteFiles/deleteImageBlock.js
FN:10,deleteImageBlockPouch
FN:11,(anonymous_1)
FN:15,(anonymous_2)
FN:29,(anonymous_3)
FN:33,(anonymous_4)
FN:38,(anonymous_5)
FN:45,(anonymous_6)
FN:52,(anonymous_7)
FN:71,(anonymous_8)
FN:75,(anonymous_9)
FNF:10
FNH:0
FNDA:0,deleteImageBlockPouch
FNDA:0,(anonymous_1)
FNDA:0,(anonymous_2)
FNDA:0,(anonymous_3)
FNDA:0,(anonymous_4)
FNDA:0,(anonymous_5)
FNDA:0,(anonymous_6)
FNDA:0,(anonymous_7)
FNDA:0,(anonymous_8)
FNDA:0,(anonymous_9)
DA:11,0
DA:12,0
DA:13,0
DA:15,0
DA:16,0
DA:17,0
DA:18,0
DA:19,0
DA:22,0
DA:23,0
DA:24,0
DA:25,0
DA:26,0
DA:27,0
DA:29,0
DA:30,0
DA:32,0
DA:33,0
DA:34,0
DA:35,0
DA:36,0
DA:37,0
DA:38,0
DA:39,0
DA:42,0
DA:43,0
DA:44,0
DA:45,0
DA:46,0
DA:52,0
DA:53,0
DA:54,0
DA:71,0
DA:72,0
DA:73,0
DA:76,0
LF:36
LH:0
BRDA:12,0,0,0
BRDA:12,0,1,0
BRDA:18,1,0,0
BRDA:18,1,1,0
BRDA:32,2,0,0
BRDA:32,2,1,0
BRDA:35,3,0,0
BRDA:35,3,1,0
BRDA:37,4,0,0
BRDA:37,4,1,0
BRDA:42,5,0,0
BRDA:42,5,1,0
BRDA:44,6,0,0
BRDA:44,6,1,0
BRDA:72,7,0,0
BRDA:72,7,1,0
BRF:16
BRH:0
end_of_record
TN:
SF:localStorage/deleteFiles/deleteMonthlyLog.js
FN:10,deleteDays
FN:11,(anonymous_1)
FN:17,(anonymous_2)
FN:17,(anonymous_3)
FN:36,deleteMonthlyLogPouch
FN:37,(anonymous_5)
FN:41,(anonymous_6)
FN:45,(anonymous_7)
FN:49,(anonymous_8)
FN:54,(anonymous_9)
FN:55,(anonymous_10)
FN:58,(anonymous_11)
FN:78,(anonymous_12)
FNF:13
FNH:13
FNDA:5,deleteDays
FNDA:5,(anonymous_1)
FNDA:1,(anonymous_2)
FNDA:1,(anonymous_3)
FNDA:4,deleteMonthlyLogPouch
FNDA:4,(anonymous_5)
FNDA:4,(anonymous_6)
FNDA:4,(anonymous_7)
FNDA:4,(anonymous_8)
FNDA:10,(anonymous_9)
FNDA:4,(anonymous_10)
FNDA:10,(anonymous_11)
FNDA:4,(anonymous_12)
DA:11,5
DA:12,5
DA:13,0
DA:14,5
DA:15,4
DA:17,1
DA:18,1
DA:19,0
DA:21,1
DA:37,4
DA:38,4
DA:39,0
DA:41,4
DA:42,4
DA:43,0
DA:45,4
DA:46,4
DA:47,0
DA:49,4
DA:50,4
DA:51,0
DA:53,4
DA:54,10
DA:55,4
DA:56,4
DA:58,10
DA:59,4
DA:78,4
DA:79,4
DA:80,4
LF:30
LH:24
BRDA:12,0,0,0
BRDA:12,0,1,5
BRDA:14,1,0,4
BRDA:14,1,1,1
BRDA:18,2,0,0
BRDA:18,2,1,1
BRDA:38,3,0,0
BRDA:38,3,1,4
BRDA:42,4,0,0
BRDA:42,4,1,4
BRDA:46,5,0,0
BRDA:46,5,1,4
BRDA:50,6,0,0
BRDA:50,6,1,4
BRDA:53,7,0,4
BRDA:53,7,1,0
BRDA:79,8,0,4
BRDA:79,8,1,0
BRF:18
BRH:10
end_of_record
TN:
SF:localStorage/deleteFiles/deleteSignifier.js
FN:10,deleteSignifierPouch
FN:11,(anonymous_1)
FNF:2
FNH:2
FNDA:2,deleteSignifierPouch
FNDA:2,(anonymous_1)
DA:11,2
LF:1
LH:1
BRF:0
BRH:0
end_of_record
TN:
SF:localStorage/deleteFiles/deleteTask.js
FN:10,deleteTaskPouch
FN:11,(anonymous_1)
FN:15,(anonymous_2)
FN:34,(anonymous_3)
FNF:4
FNH:4
FNDA:1,deleteTaskPouch
FNDA:1,(anonymous_1)
FNDA:1,(anonymous_2)
FNDA:1,(anonymous_3)
DA:11,1
DA:12,1
DA:13,0
DA:15,1
DA:16,1
DA:34,1
DA:35,1
DA:36,1
LF:8
LH:7
BRDA:12,0,0,0
BRDA:12,0,1,1
BRDA:35,1,0,1
BRDA:35,1,1,0
BRF:4
BRH:2
end_of_record
TN:
SF:localStorage/deleteFiles/deleteTextBlock.js
FN:3,handleSubComponent
FN:5,(anonymous_1)
FN:9,(anonymous_2)
FN:10,(anonymous_3)
FN:11,(anonymous_4)
FN:15,(anonymous_5)
FN:16,(anonymous_6)
FN:17,(anonymous_7)
FN:35,deleteTextBlockPouch
FN:36,(anonymous_9)
FN:40,(anonymous_10)
FN:45,(anonymous_11)
FN:46,(anonymous_12)
FN:49,(anonymous_13)
FN:67,(anonymous_14)
FN:69,(anonymous_15)
FNF:16
FNH:15
FNDA:5,handleSubComponent
FNDA:4,(anonymous_1)
FNDA:2,(anonymous_2)
FNDA:3,(anonymous_3)
FNDA:2,(anonymous_4)
FNDA:2,(anonymous_5)
FNDA:3,(anonymous_6)
FNDA:2,(anonymous_7)
FNDA:5,deleteTextBlockPouch
FNDA:5,(anonymous_9)
FNDA:5,(anonymous_10)
FNDA:15,(anonymous_11)
FNDA:5,(anonymous_12)
FNDA:15,(anonymous_13)
FNDA:5,(anonymous_14)
FNDA:0,(anonymous_15)
DA:4,5
DA:5,4
DA:6,4
DA:7,0
DA:8,4
DA:9,2
DA:10,3
DA:11,2
DA:12,2
DA:14,2
DA:15,2
DA:16,3
DA:17,2
DA:18,2
DA:23,1
DA:36,5
DA:37,5
DA:38,0
DA:40,5
DA:41,5
DA:42,0
DA:44,5
DA:45,15
DA:46,5
DA:47,5
DA:49,15
DA:50,5
DA:68,5
DA:70,0
LF:29
LH:25
BRDA:4,0,0,4
BRDA:4,0,1,1
BRDA:6,1,0,0
BRDA:6,1,1,4
BRDA:8,2,0,2
BRDA:8,2,1,2
BRDA:14,3,0,2
BRDA:14,3,1,0
BRDA:37,4,0,0
BRDA:37,4,1,5
BRDA:41,5,0,0
BRDA:41,5,1,5
BRDA:44,6,0,5
BRDA:44,6,1,0
BRF:14
BRH:9
end_of_record
TN:
SF:localStorage/deleteFiles/deleteTracker.js
FN:10,deleteTrackerPouch
FN:11,(anonymous_1)
FNF:2
FNH:2
FNDA:2,deleteTrackerPouch
FNDA:2,(anonymous_1)
DA:11,2
LF:1
LH:1
BRF:0
BRH:0
end_of_record
TN:
SF:localStorage/deleteFiles/deleteUser.js
FN:8,deleteUserPouch
FN:9,(anonymous_1)
FN:13,(anonymous_2)
FNF:3
FNH:0
FNDA:0,deleteUserPouch
FNDA:0,(anonymous_1)
FNDA:0,(anonymous_2)
DA:9,0
DA:10,0
DA:11,0
DA:13,0
DA:14,0
DA:15,0
DA:17,0
LF:7
LH:0
BRDA:10,0,0,0
BRDA:10,0,1,0
BRDA:14,1,0,0
BRDA:14,1,1,0
BRF:4
BRH:0
end_of_record
TN:
SF:localStorage/readFiles/readUser.js
FN:7,readUserPouch
FN:8,(anonymous_1)
FNF:2
FNH:2
FNDA:117,readUserPouch
FNDA:117,(anonymous_1)
DA:8,117
LF:1
LH:1
BRF:0
BRH:0
end_of_record
TN:
SF:localStorage/updateFiles/updateAudioBlock.js
FN:12,updateAudioBlockPouch
FN:13,(anonymous_1)
FNF:2
FNH:0
FNDA:0,updateAudioBlockPouch
FNDA:0,(anonymous_1)
DA:13,0
LF:1
LH:0
BRF:0
BRH:0
end_of_record
TN:
SF:localStorage/updateFiles/updateCollection.js
FN:12,updateCollectionPouch
FN:13,(anonymous_1)
FNF:2
FNH:2
FNDA:2,updateCollectionPouch
FNDA:2,(anonymous_1)
DA:13,2
LF:1
LH:1
BRF:0
BRH:0
end_of_record
TN:
SF:localStorage/updateFiles/updateDailyLog.js
FN:12,updateDailyLogPouch
FN:13,(anonymous_1)
FNF:2
FNH:2
FNDA:2,updateDailyLogPouch
FNDA:2,(anonymous_1)
DA:13,2
LF:1
LH:1
BRF:0
BRH:0
end_of_record
TN:
SF:localStorage/updateFiles/updateEvent.js
FN:12,updateEventPouch
FNF:1
FNH:1
FNDA:2,updateEventPouch
LF:0
LH:0
BRF:0
BRH:0
end_of_record
TN:
SF:localStorage/updateFiles/updateFutureLog.js
FN:10,updateFutureLogPouch
FNF:1
FNH:0
FNDA:0,updateFutureLogPouch
LF:0
LH:0
BRF:0
BRH:0
end_of_record
TN:
SF:localStorage/updateFiles/updateImageBlock.js
FN:12,updateImageBlockPouch
FNF:1
FNH:0
FNDA:0,updateImageBlockPouch
LF:0
LH:0
BRF:0
BRH:0
end_of_record
TN:
SF:localStorage/updateFiles/updateMonthlyLog.js
FN:12,updateMonthlyLogPouch
FNF:1
FNH:0
FNDA:0,updateMonthlyLogPouch
LF:0
LH:0
BRF:0
BRH:0
end_of_record
TN:
SF:localStorage/updateFiles/updateSignifier.js
FN:10,updateSignifierPouch
FNF:1
FNH:0
FNDA:0,updateSignifierPouch
LF:0
LH:0
BRF:0
BRH:0
end_of_record
TN:
SF:localStorage/updateFiles/updateTask.js
FN:12,updateTaskPouch
FNF:1
FNH:1
FNDA:2,updateTaskPouch
LF:0
LH:0
BRF:0
BRH:0
end_of_record
TN:
SF:localStorage/updateFiles/updateTextBlock.js
FN:10,handleOriginalSubComponent
FN:11,(anonymous_1)
FN:17,(anonymous_2)
FN:18,(anonymous_3)
FN:19,(anonymous_4)
FN:23,(anonymous_5)
FN:24,(anonymous_6)
FN:25,(anonymous_7)
FN:43,handleNewSubComponent
FN:44,(anonymous_9)
FN:49,(anonymous_10)
FN:50,(anonymous_11)
FN:51,(anonymous_12)
FN:104,updateTextBlockPouch
FN:105,(anonymous_14)
FN:110,(anonymous_15)
FN:111,(anonymous_16)
FN:116,(anonymous_17)
FN:121,(anonymous_18)
FN:127,(anonymous_19)
FN:128,(anonymous_20)
FN:131,(anonymous_21)
FN:133,(anonymous_22)
FN:137,(anonymous_23)
FN:158,(anonymous_24)
FN:164,(anonymous_25)
FNF:26
FNH:0
FNDA:0,handleOriginalSubComponent
FNDA:0,(anonymous_1)
FNDA:0,(anonymous_2)
FNDA:0,(anonymous_3)
FNDA:0,(anonymous_4)
FNDA:0,(anonymous_5)
FNDA:0,(anonymous_6)
FNDA:0,(anonymous_7)
FNDA:0,handleNewSubComponent
FNDA:0,(anonymous_9)
FNDA:0,(anonymous_10)
FNDA:0,(anonymous_11)
FNDA:0,(anonymous_12)
FNDA:0,updateTextBlockPouch
FNDA:0,(anonymous_14)
FNDA:0,(anonymous_15)
FNDA:0,(anonymous_16)
FNDA:0,(anonymous_17)
FNDA:0,(anonymous_18)
FNDA:0,(anonymous_19)
FNDA:0,(anonymous_20)
FNDA:0,(anonymous_21)
FNDA:0,(anonymous_22)
FNDA:0,(anonymous_23)
FNDA:0,(anonymous_24)
FNDA:0,(anonymous_25)
DA:11,0
DA:12,0
DA:13,0
DA:14,0
DA:15,0
DA:16,0
DA:17,0
DA:18,0
DA:19,0
DA:20,0
DA:22,0
DA:23,0
DA:24,0
DA:25,0
DA:26,0
DA:29,0
DA:44,0
DA:45,0
DA:46,0
DA:47,0
DA:48,0
DA:49,0
DA:50,0
DA:51,0
DA:52,0
DA:55,0
DA:57,0
DA:72,0
DA:105,0
DA:106,0
DA:107,0
DA:110,0
DA:111,0
DA:112,0
DA:113,0
DA:116,0
DA:117,0
DA:118,0
DA:121,0
DA:122,0
DA:123,0
DA:126,0
DA:127,0
DA:128,0
DA:129,0
DA:130,0
DA:131,0
DA:132,0
DA:133,0
DA:134,0
DA:135,0
DA:137,0
DA:138,0
DA:139,0
DA:158,0
DA:164,0
LF:56
LH:0
BRDA:12,0,0,0
BRDA:12,0,1,0
BRDA:14,1,0,0
BRDA:14,1,1,0
BRDA:16,2,0,0
BRDA:16,2,1,0
BRDA:22,3,0,0
BRDA:22,3,1,0
BRDA:45,4,0,0
BRDA:45,4,1,0
BRDA:47,5,0,0
BRDA:47,5,1,0
BRDA:47,6,0,0
BRDA:47,6,1,0
BRDA:48,7,0,0
BRDA:48,7,1,0
BRDA:48,8,0,0
BRDA:48,8,1,0
BRDA:57,9,0,0
BRDA:57,9,1,0
BRDA:72,10,0,0
BRDA:72,10,1,0
BRDA:106,11,0,0
BRDA:106,11,1,0
BRDA:112,12,0,0
BRDA:112,12,1,0
BRDA:117,13,0,0
BRDA:117,13,1,0
BRDA:122,14,0,0
BRDA:122,14,1,0
BRDA:126,15,0,0
BRDA:126,15,1,0
BRDA:126,16,0,0
BRDA:126,16,1,0
BRDA:126,16,2,0
BRDA:133,17,0,0
BRDA:133,17,1,0
BRF:37
BRH:0
end_of_record
TN:
SF:localStorage/updateFiles/updateTheme.js
FN:10,updateThemePouch
FNF:1
FNH:0
FNDA:0,updateThemePouch
LF:0
LH:0
BRF:0
BRH:0
end_of_record
TN:
SF:localStorage/updateFiles/updateTracker.js
FN:13,updateTrackerPouch
FN:14,(anonymous_1)
FNF:2
FNH:0
FNDA:0,updateTrackerPouch
FNDA:0,(anonymous_1)
DA:14,0
LF:1
LH:0
BRF:0
BRH:0
end_of_record
TN:
SF:localStorage/updateFiles/updateUser.js
FN:10,updateUserOnline
FN:11,(anonymous_1)
FNF:2
FNH:2
FNDA:21,updateUserOnline
FNDA:21,(anonymous_1)
DA:11,21
LF:1
LH:1
BRF:0
BRH:0
end_of_record
